2019-06-28 08:38:15,556 INFO  [Log] Successfully entered into the application 
2019-06-28 08:39:01,740 INFO  [Log] MLF Incident Number :INC03063144 
2019-06-28 08:40:03,168 INFO  [Log] DXC Incident Number : / IBMR 
2019-06-28 08:48:11,497 INFO  [Log] Successfully entered into the application 
2019-06-28 08:48:58,399 INFO  [Log] MLF Incident Number :INC03063145 
2019-06-28 08:49:59,807 INFO  [Log] DXC Incident Number :INC0010225 
2019-06-28 10:06:03,091 INFO  [Log] Successfully entered into the application 
2019-06-28 10:06:57,240 INFO  [Log] MLF Incident Number :INC03063146 
2019-06-28 10:08:00,902 INFO  [Log] DXC Incident Number : IBMR 
2019-06-28 10:11:18,612 INFO  [Log] Successfully entered into the application 
2019-06-28 10:12:06,508 INFO  [Log] MLF Incident Number :INC03063147 
2019-06-28 10:13:09,103 INFO  [Log] IBM Incident Number : IBMR 
2019-06-28 10:14:56,904 INFO  [Log] Successfully entered into the application 
2019-06-28 10:15:50,615 INFO  [Log] MLF Incident Number :INC03063148 
2019-06-28 10:18:52,515 INFO  [Log] Successfully entered into the application 
2019-06-28 10:19:41,007 INFO  [Log] MLF Incident Number :INC03063149 
2019-06-28 10:21:34,424 INFO  [Log] Successfully entered into the application 
2019-06-28 10:22:22,040 INFO  [Log] MLF Incident Number :INC03063150 
2019-06-28 10:23:28,398 INFO  [Log] IBM Incident Number :IN16221770 / IBMR 
2019-06-28 10:28:00,978 INFO  [Log] Successfully entered into the application 
2019-06-28 10:28:48,406 INFO  [Log] MLF Incident Number :INC03063151 
2019-06-28 10:30:55,282 INFO  [Log] Successfully entered into the application 
2019-06-28 10:31:46,108 INFO  [Log] MLF Incident Number :INC03063152 
2019-07-01 06:54:07,225 INFO  [Log] Successfully entered into the application 
2019-07-01 06:54:53,240 INFO  [Log] MLF Incident Number :INC03063207 
2019-07-01 06:55:59,421 INFO  [Log] IBM Incident Number :IBM= / IBMR=INC0010236 
2019-07-01 06:59:11,477 INFO  [Log] Successfully entered into the application 
2019-07-01 06:59:57,906 INFO  [Log] MLF Incident Number :INC03063208 
2019-07-01 07:01:05,473 INFO  [Log] IBM Incident Number :IBM= / IBMR=INC0010237 
2019-07-01 07:01:57,431 INFO  [Log] Successfully entered into the application 
2019-07-01 07:02:41,817 INFO  [Log] MLF Incident Number :INC03063209 
2019-07-01 07:03:53,609 INFO  [Log] IBM Incident Number :IBM= / IBMR=INC0010238 
2019-07-01 07:04:36,554 INFO  [Log] Successfully entered into the application 
2019-07-01 07:05:19,659 INFO  [Log] MLF Incident Number :INC03063210 
2019-07-01 07:06:40,952 INFO  [Log] IBM Incident Number :IBMR=INC0010239 / IBM=INC0010239 
2019-07-01 07:26:04,769 INFO  [Log] Successfully entered into the application 
2019-07-01 07:26:48,528 INFO  [Log] MLF Incident Number :INC03063211 
2019-07-01 07:27:55,155 INFO  [Log] IBM Incident Number :IBM= / IBMR=INC0010240 
2019-07-01 08:40:10,590 INFO  [Log] Successfully entered into the application 
2019-07-01 08:41:02,773 INFO  [Log] MLF Incident Number :INC03063212 
2019-07-01 08:42:24,101 INFO  [Log] IBM Incident Number :IBM= / IBMR=INC0010241 
2019-07-01 09:02:29,860 INFO  [Log] Successfully entered into the application 
2019-07-01 09:03:16,465 INFO  [Log] MLF Incident Number :INC03063215 
2019-07-01 09:06:03,202 INFO  [Log] Successfully entered into the application 
2019-07-01 09:12:15,096 INFO  [Log] Successfully entered into the application 
2019-07-01 09:40:43,859 INFO  [Log] Successfully entered into the application 
2019-07-01 09:41:39,377 INFO  [Log] MLF Incident Number :INC03063216 
2019-07-01 09:42:53,382 INFO  [Log] IBM Incident Number :IBM=IN16221787 / IBMR=INC0010243 
2019-08-21 23:10:34,824 INFO  [Log] Successfully entered into the application 
2019-08-21 23:13:41,822 INFO  [Log] Successfully entered into the application 
